{"D:\\Programação\\module 2\\week 3\\To-do tests Jord4N-AC\\ToDo-List\\src\\modules\\create_append.js": {"path":"D:\\Programação\\module 2\\week 3\\To-do tests Jord4N-AC\\ToDo-List\\src\\modules\\create_append.js","statementMap":{"0":{"start":{"line":11,"column":22},"end":{"line":21,"column":18}},"1":{"start":{"line":23,"column":2},"end":{"line":23,"column":55}},"2":{"start":{"line":25,"column":2},"end":{"line":25,"column":71}},"3":{"start":{"line":27,"column":2},"end":{"line":27,"column":84}},"4":{"start":{"line":28,"column":2},"end":{"line":28,"column":83}},"5":{"start":{"line":30,"column":2},"end":{"line":30,"column":82}},"6":{"start":{"line":31,"column":2},"end":{"line":31,"column":92}},"7":{"start":{"line":32,"column":2},"end":{"line":32,"column":84}}},"fnMap":{"0":{"name":"createAppendTask","decl":{"start":{"line":8,"column":24},"end":{"line":8,"column":40}},"loc":{"start":{"line":10,"column":2},"end":{"line":33,"column":1}},"line":10}},"branchMap":{},"s":{"0":1,"1":1,"2":1,"3":1,"4":1,"5":1,"6":1,"7":1},"f":{"0":1},"b":{},"_coverageSchema":"1a1c01bbd47fc00a2c39e90264f33305004495a9","hash":"aa6238552a9e974c0090c0a8c714d169646a2b85"}
,"D:\\Programação\\module 2\\week 3\\To-do tests Jord4N-AC\\ToDo-List\\src\\modules\\edit_task.js": {"path":"D:\\Programação\\module 2\\week 3\\To-do tests Jord4N-AC\\ToDo-List\\src\\modules\\edit_task.js","statementMap":{"0":{"start":{"line":7,"column":2},"end":{"line":7,"column":29}},"1":{"start":{"line":11,"column":2},"end":{"line":11,"column":62}},"2":{"start":{"line":12,"column":2},"end":{"line":14,"column":3}},"3":{"start":{"line":13,"column":4},"end":{"line":13,"column":29}},"4":{"start":{"line":16,"column":2},"end":{"line":16,"column":76}},"5":{"start":{"line":17,"column":2},"end":{"line":17,"column":61}}},"fnMap":{"0":{"name":"saveOldContent","decl":{"start":{"line":6,"column":16},"end":{"line":6,"column":30}},"loc":{"start":{"line":6,"column":33},"end":{"line":8,"column":1}},"line":6},"1":{"name":"updateContent","decl":{"start":{"line":10,"column":16},"end":{"line":10,"column":29}},"loc":{"start":{"line":10,"column":32},"end":{"line":18,"column":1}},"line":10}},"branchMap":{"0":{"loc":{"start":{"line":12,"column":2},"end":{"line":14,"column":3}},"type":"if","locations":[{"start":{"line":12,"column":2},"end":{"line":14,"column":3}},{"start":{},"end":{}}],"line":12}},"s":{"0":0,"1":0,"2":0,"3":0,"4":0,"5":0},"f":{"0":0,"1":0},"b":{"0":[0,0]},"_coverageSchema":"1a1c01bbd47fc00a2c39e90264f33305004495a9","hash":"533e58a7ffff00e025e1907d204eed20d13da191"}
,"D:\\Programação\\module 2\\week 3\\To-do tests Jord4N-AC\\ToDo-List\\src\\modules\\load_content.js": {"path":"D:\\Programação\\module 2\\week 3\\To-do tests Jord4N-AC\\ToDo-List\\src\\modules\\load_content.js","statementMap":{"0":{"start":{"line":9,"column":20},"end":{"line":9,"column":65}},"1":{"start":{"line":10,"column":2},"end":{"line":19,"column":3}},"2":{"start":{"line":11,"column":4},"end":{"line":11,"column":24}},"3":{"start":{"line":12,"column":4},"end":{"line":15,"column":7}},"4":{"start":{"line":13,"column":6},"end":{"line":13,"column":57}},"5":{"start":{"line":14,"column":6},"end":{"line":14,"column":30}},"6":{"start":{"line":17,"column":4},"end":{"line":17,"column":17}},"7":{"start":{"line":18,"column":4},"end":{"line":18,"column":63}},"8":{"start":{"line":21,"column":2},"end":{"line":21,"column":17}}},"fnMap":{"0":{"name":"loadContent","decl":{"start":{"line":8,"column":24},"end":{"line":8,"column":35}},"loc":{"start":{"line":8,"column":45},"end":{"line":22,"column":1}},"line":8},"1":{"name":"(anonymous_1)","decl":{"start":{"line":12,"column":20},"end":{"line":12,"column":21}},"loc":{"start":{"line":12,"column":33},"end":{"line":15,"column":5}},"line":12}},"branchMap":{"0":{"loc":{"start":{"line":10,"column":2},"end":{"line":19,"column":3}},"type":"if","locations":[{"start":{"line":10,"column":2},"end":{"line":19,"column":3}},{"start":{"line":16,"column":9},"end":{"line":19,"column":3}}],"line":10}},"s":{"0":1,"1":1,"2":0,"3":0,"4":0,"5":0,"6":1,"7":1,"8":1},"f":{"0":1,"1":0},"b":{"0":[0,1]},"_coverageSchema":"1a1c01bbd47fc00a2c39e90264f33305004495a9","hash":"548a14bcb55b5bafe2f01345a688daf0f3156e1e"}
,"D:\\Programação\\module 2\\week 3\\To-do tests Jord4N-AC\\ToDo-List\\src\\modules\\remove_task.js": {"path":"D:\\Programação\\module 2\\week 3\\To-do tests Jord4N-AC\\ToDo-List\\src\\modules\\remove_task.js","statementMap":{"0":{"start":{"line":5,"column":2},"end":{"line":5,"column":73}},"1":{"start":{"line":7,"column":2},"end":{"line":7,"column":44}},"2":{"start":{"line":9,"column":2},"end":{"line":12,"column":5}},"3":{"start":{"line":10,"column":4},"end":{"line":10,"column":32}},"4":{"start":{"line":11,"column":4},"end":{"line":11,"column":19}},"5":{"start":{"line":14,"column":2},"end":{"line":14,"column":61}}},"fnMap":{"0":{"name":"removeTask","decl":{"start":{"line":4,"column":24},"end":{"line":4,"column":34}},"loc":{"start":{"line":4,"column":37},"end":{"line":15,"column":1}},"line":4},"1":{"name":"(anonymous_1)","decl":{"start":{"line":9,"column":18},"end":{"line":9,"column":19}},"loc":{"start":{"line":9,"column":31},"end":{"line":12,"column":3}},"line":9}},"branchMap":{},"s":{"0":0,"1":0,"2":0,"3":0,"4":0,"5":0},"f":{"0":0,"1":0},"b":{},"_coverageSchema":"1a1c01bbd47fc00a2c39e90264f33305004495a9","hash":"e5835e99706c5e2464cf97b5455c5eb3bf7649c9"}
,"D:\\Programação\\module 2\\week 3\\To-do tests Jord4N-AC\\ToDo-List\\src\\modules\\task_status.js": {"path":"D:\\Programação\\module 2\\week 3\\To-do tests Jord4N-AC\\ToDo-List\\src\\modules\\task_status.js","statementMap":{"0":{"start":{"line":5,"column":2},"end":{"line":11,"column":3}},"1":{"start":{"line":6,"column":4},"end":{"line":6,"column":58}},"2":{"start":{"line":7,"column":4},"end":{"line":7,"column":77}},"3":{"start":{"line":9,"column":4},"end":{"line":9,"column":58}},"4":{"start":{"line":10,"column":4},"end":{"line":10,"column":77}},"5":{"start":{"line":13,"column":2},"end":{"line":13,"column":72}},"6":{"start":{"line":14,"column":2},"end":{"line":14,"column":61}},"7":{"start":{"line":18,"column":2},"end":{"line":21,"column":3}},"8":{"start":{"line":19,"column":4},"end":{"line":19,"column":83}},"9":{"start":{"line":20,"column":4},"end":{"line":20,"column":71}},"10":{"start":{"line":25,"column":2},"end":{"line":27,"column":3}},"11":{"start":{"line":26,"column":4},"end":{"line":26,"column":17}}},"fnMap":{"0":{"name":"checkStatus","decl":{"start":{"line":4,"column":16},"end":{"line":4,"column":27}},"loc":{"start":{"line":4,"column":30},"end":{"line":15,"column":1}},"line":4},"1":{"name":"completedStyle","decl":{"start":{"line":17,"column":16},"end":{"line":17,"column":30}},"loc":{"start":{"line":17,"column":42},"end":{"line":22,"column":1}},"line":17},"2":{"name":"checkTask","decl":{"start":{"line":24,"column":16},"end":{"line":24,"column":25}},"loc":{"start":{"line":24,"column":33},"end":{"line":28,"column":1}},"line":24}},"branchMap":{"0":{"loc":{"start":{"line":5,"column":2},"end":{"line":11,"column":3}},"type":"if","locations":[{"start":{"line":5,"column":2},"end":{"line":11,"column":3}},{"start":{"line":8,"column":9},"end":{"line":11,"column":3}}],"line":5},"1":{"loc":{"start":{"line":18,"column":2},"end":{"line":21,"column":3}},"type":"if","locations":[{"start":{"line":18,"column":2},"end":{"line":21,"column":3}},{"start":{},"end":{}}],"line":18},"2":{"loc":{"start":{"line":25,"column":2},"end":{"line":27,"column":3}},"type":"if","locations":[{"start":{"line":25,"column":2},"end":{"line":27,"column":3}},{"start":{},"end":{}}],"line":25}},"s":{"0":0,"1":0,"2":0,"3":0,"4":0,"5":0,"6":0,"7":0,"8":0,"9":0,"10":0,"11":0},"f":{"0":0,"1":0,"2":0},"b":{"0":[0,0],"1":[0,0],"2":[0,0]},"_coverageSchema":"1a1c01bbd47fc00a2c39e90264f33305004495a9","hash":"fe12666a026410e03e7bba22ce64a173ab225cd6"}
,"D:\\Programação\\module 2\\week 3\\To-do tests Jord4N-AC\\ToDo-List\\src\\modules\\variables.js": {"path":"D:\\Programação\\module 2\\week 3\\To-do tests Jord4N-AC\\ToDo-List\\src\\modules\\variables.js","statementMap":{"0":{"start":{"line":4,"column":24},"end":{"line":4,"column":61}},"1":{"start":{"line":5,"column":25},"end":{"line":5,"column":67}},"2":{"start":{"line":6,"column":22},"end":{"line":6,"column":63}},"3":{"start":{"line":7,"column":24},"end":{"line":7,"column":67}},"4":{"start":{"line":8,"column":24},"end":{"line":8,"column":60}},"5":{"start":{"line":9,"column":33},"end":{"line":9,"column":87}},"6":{"start":{"line":12,"column":30},"end":{"line":12,"column":68}},"7":{"start":{"line":13,"column":31},"end":{"line":13,"column":70}},"8":{"start":{"line":15,"column":23},"end":{"line":15,"column":36}}},"fnMap":{},"branchMap":{},"s":{"0":1,"1":1,"2":1,"3":1,"4":1,"5":1,"6":1,"7":1,"8":1},"f":{},"b":{},"_coverageSchema":"1a1c01bbd47fc00a2c39e90264f33305004495a9","hash":"46a11407d62b3286ce922967e3a8978d1a478f59"}
}
