TN:
SF:src\modules\create_append.js
FN:8,createAppendTask
FNF:1
FNH:1
FNDA:1,createAppendTask
DA:11,1
DA:23,1
DA:25,1
DA:27,1
DA:28,1
DA:30,1
DA:31,1
DA:32,1
LF:8
LH:8
BRF:0
BRH:0
end_of_record
TN:
SF:src\modules\edit_task.js
FN:6,saveOldContent
FN:10,updateContent
FNF:2
FNH:0
FNDA:0,saveOldContent
FNDA:0,updateContent
DA:7,0
DA:11,0
DA:12,0
DA:13,0
DA:16,0
DA:17,0
LF:6
LH:0
BRDA:12,0,0,0
BRDA:12,0,1,0
BRF:2
BRH:0
end_of_record
TN:
SF:src\modules\load_content.js
FN:8,loadContent
FN:12,(anonymous_1)
FNF:2
FNH:1
FNDA:1,loadContent
FNDA:0,(anonymous_1)
DA:9,1
DA:10,1
DA:11,0
DA:12,0
DA:13,0
DA:14,0
DA:17,1
DA:18,1
DA:21,1
LF:9
LH:5
BRDA:10,0,0,0
BRDA:10,0,1,1
BRF:2
BRH:1
end_of_record
TN:
SF:src\modules\remove_task.js
FN:4,removeTask
FN:9,(anonymous_1)
FNF:2
FNH:0
FNDA:0,removeTask
FNDA:0,(anonymous_1)
DA:5,0
DA:7,0
DA:9,0
DA:10,0
DA:11,0
DA:14,0
LF:6
LH:0
BRF:0
BRH:0
end_of_record
TN:
SF:src\modules\task_status.js
FN:4,checkStatus
FN:17,completedStyle
FN:24,checkTask
FNF:3
FNH:0
FNDA:0,checkStatus
FNDA:0,completedStyle
FNDA:0,checkTask
DA:5,0
DA:6,0
DA:7,0
DA:9,0
DA:10,0
DA:13,0
DA:14,0
DA:18,0
DA:19,0
DA:20,0
DA:25,0
DA:26,0
LF:12
LH:0
BRDA:5,0,0,0
BRDA:5,0,1,0
BRDA:18,1,0,0
BRDA:18,1,1,0
BRDA:25,2,0,0
BRDA:25,2,1,0
BRF:6
BRH:0
end_of_record
TN:
SF:src\modules\variables.js
FNF:0
FNH:0
DA:4,1
DA:5,1
DA:6,1
DA:7,1
DA:8,1
DA:9,1
DA:12,1
DA:13,1
DA:15,1
LF:9
LH:9
BRF:0
BRH:0
end_of_record
